Using pre-set license
Built from '2020.3/staging' branch; Version is '2020.3.4f1 (0abb6314276a) revision 703331'; Using compiler version '192528614'; Build Type 'Release'
OS: 'Windows 10 Pro; OS build 19042.1165; Version 2009; 64bit' Language: 'en' Physical Memory: 8094 MB
BatchMode: 1, IsHumanControllingUs: 0, StartBugReporterOnCrash: 0, Is64bit: 1, IsPro: 0

 COMMAND LINE ARGUMENTS:
E:\Musa\Unity\Editor\2020.3.4f1\Editor\Unity.exe
-adb2
-batchMode
-noUpm
-name
AssetImportWorker0
-projectPath
E:/Musa/Repos/Archer game/Tower-Ranger
-logFile
Logs/AssetImportWorker0.log
-srvPort
62410
Successfully changed project path to: E:/Musa/Repos/Archer game/Tower-Ranger
E:/Musa/Repos/Archer game/Tower-Ranger
Using Asset Import Pipeline V2.
Refreshing native plugins compatible for Editor in 67.90 ms, found 0 plugins.
Preloading 0 native plugins for Editor in 0.00 ms.
Initialize engine version: 2020.3.4f1 (0abb6314276a)
[Subsystems] Discovering subsystems at path E:/Musa/Unity/Editor/2020.3.4f1/Editor/Data/Resources/UnitySubsystems
[Subsystems] Discovering subsystems at path E:/Musa/Repos/Archer game/Tower-Ranger/Assets
GfxDevice: creating device client; threaded=0
Direct3D:
    Version:  Direct3D 11.0 [level 11.1]
    Renderer: NVIDIA GeForce GTX 1050 Ti (ID=0x1c82)
    Vendor:   
    VRAM:     4018 MB
    Driver:   30.0.14.7168
Initialize mono
Mono path[0] = 'E:/Musa/Unity/Editor/2020.3.4f1/Editor/Data/Managed'
Mono path[1] = 'E:/Musa/Unity/Editor/2020.3.4f1/Editor/Data/MonoBleedingEdge/lib/mono/unityjit'
Mono config path = 'E:/Musa/Unity/Editor/2020.3.4f1/Editor/Data/MonoBleedingEdge/etc'
Using monoOptions --debugger-agent=transport=dt_socket,embedding=1,server=y,suspend=n,address=127.0.0.1:56044
Begin MonoManager ReloadAssembly
Registering precompiled unity dll's ...
Register platform support module: E:/Musa/Unity/Editor/2020.3.4f1/Editor/Data/PlaybackEngines/WebGLSupport/UnityEditor.WebGL.Extensions.dll
Register platform support module: E:/Musa/Unity/Editor/2020.3.4f1/Editor/Data/PlaybackEngines/WindowsStandaloneSupport/UnityEditor.WindowsStandalone.Extensions.dll
Registered in 0.002432 seconds.
Native extension for WindowsStandalone target not found
Native extension for WebGL target not found
Refreshing native plugins compatible for Editor in 49.97 ms, found 0 plugins.
Preloading 0 native plugins for Editor in 0.00 ms.
Mono: successfully reloaded assembly
- Completed reload, in  1.314 seconds
Platform modules already initialized, skipping
Registering precompiled user dll's ...
Registered in 0.001041 seconds.
Begin MonoManager ReloadAssembly
Native extension for WindowsStandalone target not found
Native extension for WebGL target not found
Refreshing native plugins compatible for Editor in 0.49 ms, found 0 plugins.
Preloading 0 native plugins for Editor in 0.00 ms.
Mono: successfully reloaded assembly
- Completed reload, in  1.918 seconds
Platform modules already initialized, skipping
========================================================================
Worker process is ready to serve import requests
Launched and connected shader compiler UnityShaderCompiler.exe after 0.07 seconds
Refreshing native plugins compatible for Editor in 0.56 ms, found 0 plugins.
Preloading 0 native plugins for Editor in 0.00 ms.
Unloading 1873 Unused Serialized files (Serialized files now loaded: 0)
System memory in use before: 91.9 MB.
System memory in use after: 91.9 MB.

Unloading 11 unused Assets to reduce memory usage. Loaded Objects now: 2318.
Total: 4.054200 ms (FindLiveObjects: 1.108800 ms CreateObjectMapping: 0.174100 ms MarkObjects: 2.638100 ms  DeleteObjects: 0.132000 ms)

========================================================================
Received Import Request.
  path: Assets/Scripts/LaunchArrow.cs
  artifactKey: Guid(cc2deab53091784479b17e193cf5a15f) Importer(815301076,1909f56bfc062723c751e8b465ee728b)
Start importing Assets/Scripts/LaunchArrow.cs using Guid(cc2deab53091784479b17e193cf5a15f) Importer(815301076,1909f56bfc062723c751e8b465ee728b)  -> (artifact id: '27fac56bc48155954eb848959b4f3b7e') in 0.350244 seconds
  Import took 0.389684 seconds .

========================================================================
Received Import Request.
  Time since last request: 3.144649 seconds.
  path: Assets/Scripts/HealthManipulation.cs
  artifactKey: Guid(b99d482100fef494283443457116ac84) Importer(815301076,1909f56bfc062723c751e8b465ee728b)
Start importing Assets/Scripts/HealthManipulation.cs using Guid(b99d482100fef494283443457116ac84) Importer(815301076,1909f56bfc062723c751e8b465ee728b)  -> (artifact id: '948e32fa6c43e4488a670bb91736b00d') in 0.031400 seconds
  Import took 0.065091 seconds .

========================================================================
Received Import Request.
  Time since last request: 0.833561 seconds.
  path: Assets/Scripts/FireScript.cs
  artifactKey: Guid(57fa3f7395a71b2409b0d8aefa9c4a23) Importer(815301076,1909f56bfc062723c751e8b465ee728b)
Start importing Assets/Scripts/FireScript.cs using Guid(57fa3f7395a71b2409b0d8aefa9c4a23) Importer(815301076,1909f56bfc062723c751e8b465ee728b)  -> (artifact id: 'ed55140bfaee17d6dbdd6469d712edc0') in 0.009595 seconds
  Import took 0.039347 seconds .

========================================================================
Received Import Request.
  Time since last request: 0.005244 seconds.
  path: Assets/Scripts/FireScript.cs
  artifactKey: Guid(57fa3f7395a71b2409b0d8aefa9c4a23) Importer(815301076,1909f56bfc062723c751e8b465ee728b)
Start importing Assets/Scripts/FireScript.cs using Guid(57fa3f7395a71b2409b0d8aefa9c4a23) Importer(815301076,1909f56bfc062723c751e8b465ee728b)  -> (artifact id: 'ed55140bfaee17d6dbdd6469d712edc0') in 0.006008 seconds
  Import took 0.015382 seconds .

========================================================================
Received Import Request.
  Time since last request: 5.070053 seconds.
  path: Assets/Scripts/EnemySpawner.cs
  artifactKey: Guid(3e8f928fb08eb504982339d1f7b982ac) Importer(815301076,1909f56bfc062723c751e8b465ee728b)
Start importing Assets/Scripts/EnemySpawner.cs using Guid(3e8f928fb08eb504982339d1f7b982ac) Importer(815301076,1909f56bfc062723c751e8b465ee728b)  -> (artifact id: '70d184849d2503216506b70ed59e8c2e') in 0.007815 seconds
  Import took 0.013142 seconds .

========================================================================
Received Import Request.
  Time since last request: 1214.042821 seconds.
  path: Assets
  artifactKey: Guid(00000000000000001000000000000000) Importer(815301076,1909f56bfc062723c751e8b465ee728b)
Start importing Assets using Guid(00000000000000001000000000000000) Importer(815301076,1909f56bfc062723c751e8b465ee728b)  -> (artifact id: '025e4f587c23674256bb898581e82961') in 0.066156 seconds
  Import took 0.101199 seconds .

========================================================================
Received Import Request.
  Time since last request: 5.725223 seconds.
  path: Assets/Scripts
  artifactKey: Guid(d63b5e50be4bd8147ac2d536d7b2faf7) Importer(815301076,1909f56bfc062723c751e8b465ee728b)
Start importing Assets/Scripts using Guid(d63b5e50be4bd8147ac2d536d7b2faf7) Importer(815301076,1909f56bfc062723c751e8b465ee728b)  -> (artifact id: '1f44829e5228907279f07bb1be9cd6e5') in 0.007579 seconds
  Import took 0.011294 seconds .

========================================================================
Received Import Request.
  Time since last request: 18.972596 seconds.
  path: Assets/Scripts/LineScript.cs
  artifactKey: Guid(bd51458a0ba3f3e408fff1e9e60b9c1e) Importer(815301076,1909f56bfc062723c751e8b465ee728b)
Start importing Assets/Scripts/LineScript.cs using Guid(bd51458a0ba3f3e408fff1e9e60b9c1e) Importer(815301076,1909f56bfc062723c751e8b465ee728b)  -> (artifact id: '23edb72ccc1e25e2f309f5c79087f216') in 0.032125 seconds
  Import took 0.091292 seconds .

AssetImportWorkerClient::OnTransportError - code=2 error=End of file
