Using pre-set license
Built from '2020.3/staging' branch; Version is '2020.3.4f1 (0abb6314276a) revision 703331'; Using compiler version '192528614'; Build Type 'Release'
OS: 'Windows 10 Pro; OS build 19042.1237; Version 2009; 64bit' Language: 'en' Physical Memory: 8094 MB
BatchMode: 1, IsHumanControllingUs: 0, StartBugReporterOnCrash: 0, Is64bit: 1, IsPro: 0

 COMMAND LINE ARGUMENTS:
E:\Musa\Unity\Editor\2020.3.4f1\Editor\Unity.exe
-adb2
-batchMode
-noUpm
-name
AssetImportWorker0
-projectPath
E:/Musa/Repos/Archer game/Tower-Ranger
-logFile
Logs/AssetImportWorker0.log
-srvPort
61597
Successfully changed project path to: E:/Musa/Repos/Archer game/Tower-Ranger
E:/Musa/Repos/Archer game/Tower-Ranger
Using Asset Import Pipeline V2.
Refreshing native plugins compatible for Editor in 35.23 ms, found 0 plugins.
Preloading 0 native plugins for Editor in 0.00 ms.
Initialize engine version: 2020.3.4f1 (0abb6314276a)
[Subsystems] Discovering subsystems at path E:/Musa/Unity/Editor/2020.3.4f1/Editor/Data/Resources/UnitySubsystems
[Subsystems] Discovering subsystems at path E:/Musa/Repos/Archer game/Tower-Ranger/Assets
GfxDevice: creating device client; threaded=0
Direct3D:
    Version:  Direct3D 11.0 [level 11.1]
    Renderer: NVIDIA GeForce GTX 1050 Ti (ID=0x1c82)
    Vendor:   
    VRAM:     4018 MB
    Driver:   30.0.14.7168
Initialize mono
Mono path[0] = 'E:/Musa/Unity/Editor/2020.3.4f1/Editor/Data/Managed'
Mono path[1] = 'E:/Musa/Unity/Editor/2020.3.4f1/Editor/Data/MonoBleedingEdge/lib/mono/unityjit'
Mono config path = 'E:/Musa/Unity/Editor/2020.3.4f1/Editor/Data/MonoBleedingEdge/etc'
Using monoOptions --debugger-agent=transport=dt_socket,embedding=1,server=y,suspend=n,address=127.0.0.1:56956
Begin MonoManager ReloadAssembly
Registering precompiled unity dll's ...
Register platform support module: E:/Musa/Unity/Editor/2020.3.4f1/Editor/Data/PlaybackEngines/WebGLSupport/UnityEditor.WebGL.Extensions.dll
Register platform support module: E:/Musa/Unity/Editor/2020.3.4f1/Editor/Data/PlaybackEngines/WindowsStandaloneSupport/UnityEditor.WindowsStandalone.Extensions.dll
Registered in 0.001608 seconds.
Native extension for WindowsStandalone target not found
Native extension for WebGL target not found
Refreshing native plugins compatible for Editor in 35.31 ms, found 0 plugins.
Preloading 0 native plugins for Editor in 0.00 ms.
Mono: successfully reloaded assembly
- Completed reload, in  1.041 seconds
Platform modules already initialized, skipping
Registering precompiled user dll's ...
Registered in 0.001049 seconds.
Begin MonoManager ReloadAssembly
Native extension for WindowsStandalone target not found
Native extension for WebGL target not found
Refreshing native plugins compatible for Editor in 0.30 ms, found 0 plugins.
Preloading 0 native plugins for Editor in 0.00 ms.
Mono: successfully reloaded assembly
- Completed reload, in  1.510 seconds
Platform modules already initialized, skipping
========================================================================
Worker process is ready to serve import requests
Launched and connected shader compiler UnityShaderCompiler.exe after 0.15 seconds
Refreshing native plugins compatible for Editor in 0.30 ms, found 0 plugins.
Preloading 0 native plugins for Editor in 0.00 ms.
Unloading 1876 Unused Serialized files (Serialized files now loaded: 0)
System memory in use before: 92.0 MB.
System memory in use after: 92.1 MB.

Unloading 11 unused Assets to reduce memory usage. Loaded Objects now: 2321.
Total: 2.457400 ms (FindLiveObjects: 0.235000 ms CreateObjectMapping: 0.266800 ms MarkObjects: 1.843500 ms  DeleteObjects: 0.110900 ms)

========================================================================
Received Import Request.
  path: Assets/Scripts/EnemyController.cs
  artifactKey: Guid(3fa23c0189e32c941a87d74706563f50) Importer(815301076,1909f56bfc062723c751e8b465ee728b)
Start importing Assets/Scripts/EnemyController.cs using Guid(3fa23c0189e32c941a87d74706563f50) Importer(815301076,1909f56bfc062723c751e8b465ee728b)  -> (artifact id: '523ff880932c1fdb577ccb6350a1009f') in 0.230004 seconds
  Import took 0.257604 seconds .

========================================================================
Received Import Request.
  Time since last request: 358.911168 seconds.
  path: Assets/Scripts/EnemyController.cs
  artifactKey: Guid(3fa23c0189e32c941a87d74706563f50) Importer(815301076,1909f56bfc062723c751e8b465ee728b)
Start importing Assets/Scripts/EnemyController.cs using Guid(3fa23c0189e32c941a87d74706563f50) Importer(815301076,1909f56bfc062723c751e8b465ee728b)  -> (artifact id: '28c76d64ce1b85c5ffdd36e3dcaf9deb') in 0.006874 seconds
  Import took 0.017255 seconds .

========================================================================
Received Import Request.
  Time since last request: 23.325435 seconds.
  path: Assets/Scripts/EnemyController.cs
  artifactKey: Guid(3fa23c0189e32c941a87d74706563f50) Importer(815301076,1909f56bfc062723c751e8b465ee728b)
Start importing Assets/Scripts/EnemyController.cs using Guid(3fa23c0189e32c941a87d74706563f50) Importer(815301076,1909f56bfc062723c751e8b465ee728b)  -> (artifact id: '87ac4dd903d666b1b4a37ad4fbb71312') in 0.022352 seconds
  Import took 0.034511 seconds .

========================================================================
Received Prepare
Registering precompiled user dll's ...
Registered in 0.000979 seconds.
Begin MonoManager ReloadAssembly
Native extension for WindowsStandalone target not found
Native extension for WebGL target not found
Refreshing native plugins compatible for Editor in 0.31 ms, found 0 plugins.
Preloading 0 native plugins for Editor in 0.00 ms.
Mono: successfully reloaded assembly
- Completed reload, in  1.082 seconds
Platform modules already initialized, skipping
Refreshing native plugins compatible for Editor in 0.40 ms, found 0 plugins.
Preloading 0 native plugins for Editor in 0.00 ms.
Unloading 1846 Unused Serialized files (Serialized files now loaded: 0)
System memory in use before: 89.5 MB.
System memory in use after: 89.6 MB.

Unloading 6 unused Assets to reduce memory usage. Loaded Objects now: 2324.
Total: 2.132900 ms (FindLiveObjects: 0.197600 ms CreateObjectMapping: 0.092000 ms MarkObjects: 1.743300 ms  DeleteObjects: 0.098100 ms)

========================================================================
Received Prepare
Registering precompiled user dll's ...
Registered in 0.001399 seconds.
Begin MonoManager ReloadAssembly
Native extension for WindowsStandalone target not found
Native extension for WebGL target not found
Refreshing native plugins compatible for Editor in 0.37 ms, found 0 plugins.
Preloading 0 native plugins for Editor in 0.00 ms.
Mono: successfully reloaded assembly
- Completed reload, in  1.112 seconds
Platform modules already initialized, skipping
Refreshing native plugins compatible for Editor in 0.70 ms, found 0 plugins.
Preloading 0 native plugins for Editor in 0.00 ms.
Unloading 1846 Unused Serialized files (Serialized files now loaded: 0)
System memory in use before: 89.6 MB.
System memory in use after: 89.6 MB.

Unloading 6 unused Assets to reduce memory usage. Loaded Objects now: 2327.
Total: 6.548800 ms (FindLiveObjects: 4.232600 ms CreateObjectMapping: 0.247300 ms MarkObjects: 1.958000 ms  DeleteObjects: 0.109700 ms)

========================================================================
Received Import Request.
  Time since last request: 88.806211 seconds.
  path: Assets/Scripts/EnemyController.cs
  artifactKey: Guid(3fa23c0189e32c941a87d74706563f50) Importer(815301076,1909f56bfc062723c751e8b465ee728b)
Start importing Assets/Scripts/EnemyController.cs using Guid(3fa23c0189e32c941a87d74706563f50) Importer(815301076,1909f56bfc062723c751e8b465ee728b)  -> (artifact id: '0b032d89ca706f019cd6d626a2967830') in 0.025475 seconds
  Import took 0.041297 seconds .

========================================================================
Received Import Request.
  Time since last request: 2.062945 seconds.
  path: Assets/Scripts/EnemyController.cs
  artifactKey: Guid(3fa23c0189e32c941a87d74706563f50) Importer(815301076,1909f56bfc062723c751e8b465ee728b)
Start importing Assets/Scripts/EnemyController.cs using Guid(3fa23c0189e32c941a87d74706563f50) Importer(815301076,1909f56bfc062723c751e8b465ee728b)  -> (artifact id: '0b032d89ca706f019cd6d626a2967830') in 0.003120 seconds
  Import took 0.007173 seconds .

========================================================================
Received Prepare
Registering precompiled user dll's ...
Registered in 0.001489 seconds.
Begin MonoManager ReloadAssembly
Native extension for WindowsStandalone target not found
Native extension for WebGL target not found
Refreshing native plugins compatible for Editor in 0.57 ms, found 0 plugins.
Preloading 0 native plugins for Editor in 0.00 ms.
Mono: successfully reloaded assembly
- Completed reload, in  1.151 seconds
Platform modules already initialized, skipping
Refreshing native plugins compatible for Editor in 0.32 ms, found 0 plugins.
Preloading 0 native plugins for Editor in 0.00 ms.
Unloading 1846 Unused Serialized files (Serialized files now loaded: 0)
System memory in use before: 89.6 MB.
System memory in use after: 89.7 MB.

Unloading 6 unused Assets to reduce memory usage. Loaded Objects now: 2330.
Total: 3.798000 ms (FindLiveObjects: 0.518000 ms CreateObjectMapping: 0.146900 ms MarkObjects: 3.052100 ms  DeleteObjects: 0.075500 ms)

========================================================================
Received Import Request.
  Time since last request: 94.364503 seconds.
  path: Assets/Scripts/EnemyController.cs
  artifactKey: Guid(3fa23c0189e32c941a87d74706563f50) Importer(815301076,1909f56bfc062723c751e8b465ee728b)
Start importing Assets/Scripts/EnemyController.cs using Guid(3fa23c0189e32c941a87d74706563f50) Importer(815301076,1909f56bfc062723c751e8b465ee728b)  -> (artifact id: '2ab1a617314de11f1b3193b9eb527d31') in 0.005948 seconds
  Import took 0.087933 seconds .

========================================================================
Received Prepare
Registering precompiled user dll's ...
Registered in 0.001335 seconds.
Begin MonoManager ReloadAssembly
Native extension for WindowsStandalone target not found
Native extension for WebGL target not found
Refreshing native plugins compatible for Editor in 0.32 ms, found 0 plugins.
Preloading 0 native plugins for Editor in 0.00 ms.
Mono: successfully reloaded assembly
- Completed reload, in  1.024 seconds
Platform modules already initialized, skipping
Refreshing native plugins compatible for Editor in 0.42 ms, found 0 plugins.
Preloading 0 native plugins for Editor in 0.00 ms.
Unloading 1846 Unused Serialized files (Serialized files now loaded: 0)
System memory in use before: 89.6 MB.
System memory in use after: 89.7 MB.

Unloading 6 unused Assets to reduce memory usage. Loaded Objects now: 2333.
Total: 2.658100 ms (FindLiveObjects: 0.200700 ms CreateObjectMapping: 0.082100 ms MarkObjects: 2.308200 ms  DeleteObjects: 0.065800 ms)

========================================================================
Received Prepare
Registering precompiled user dll's ...
Registered in 0.001164 seconds.
Begin MonoManager ReloadAssembly
Native extension for WindowsStandalone target not found
Native extension for WebGL target not found
Refreshing native plugins compatible for Editor in 0.31 ms, found 0 plugins.
Preloading 0 native plugins for Editor in 0.00 ms.
Mono: successfully reloaded assembly
- Completed reload, in  1.056 seconds
Platform modules already initialized, skipping
Refreshing native plugins compatible for Editor in 0.35 ms, found 0 plugins.
Preloading 0 native plugins for Editor in 0.00 ms.
Unloading 1846 Unused Serialized files (Serialized files now loaded: 0)
System memory in use before: 89.6 MB.
System memory in use after: 89.7 MB.

Unloading 6 unused Assets to reduce memory usage. Loaded Objects now: 2336.
Total: 4.806300 ms (FindLiveObjects: 0.382800 ms CreateObjectMapping: 0.275600 ms MarkObjects: 4.031300 ms  DeleteObjects: 0.114200 ms)

========================================================================
Received Prepare
Registering precompiled user dll's ...
Registered in 0.001178 seconds.
Begin MonoManager ReloadAssembly
Native extension for WindowsStandalone target not found
Native extension for WebGL target not found
Refreshing native plugins compatible for Editor in 0.30 ms, found 0 plugins.
Preloading 0 native plugins for Editor in 0.00 ms.
Mono: successfully reloaded assembly
- Completed reload, in  1.076 seconds
Platform modules already initialized, skipping
Refreshing native plugins compatible for Editor in 0.31 ms, found 0 plugins.
Preloading 0 native plugins for Editor in 0.00 ms.
Unloading 1846 Unused Serialized files (Serialized files now loaded: 0)
System memory in use before: 89.6 MB.
System memory in use after: 89.7 MB.

Unloading 6 unused Assets to reduce memory usage. Loaded Objects now: 2339.
Total: 2.357300 ms (FindLiveObjects: 0.259500 ms CreateObjectMapping: 0.086400 ms MarkObjects: 1.914600 ms  DeleteObjects: 0.095300 ms)

========================================================================
Received Prepare
Registering precompiled user dll's ...
Registered in 0.001281 seconds.
Begin MonoManager ReloadAssembly
Native extension for WindowsStandalone target not found
Native extension for WebGL target not found
Refreshing native plugins compatible for Editor in 0.33 ms, found 0 plugins.
Preloading 0 native plugins for Editor in 0.00 ms.
Mono: successfully reloaded assembly
- Completed reload, in  1.108 seconds
Platform modules already initialized, skipping
Refreshing native plugins compatible for Editor in 0.33 ms, found 0 plugins.
Preloading 0 native plugins for Editor in 0.00 ms.
Unloading 1846 Unused Serialized files (Serialized files now loaded: 0)
System memory in use before: 89.6 MB.
System memory in use after: 89.7 MB.

Unloading 6 unused Assets to reduce memory usage. Loaded Objects now: 2342.
Total: 3.883000 ms (FindLiveObjects: 0.312400 ms CreateObjectMapping: 0.136300 ms MarkObjects: 3.342700 ms  DeleteObjects: 0.089700 ms)

========================================================================
Received Prepare
Registering precompiled user dll's ...
Registered in 0.001002 seconds.
Begin MonoManager ReloadAssembly
Native extension for WindowsStandalone target not found
Native extension for WebGL target not found
Refreshing native plugins compatible for Editor in 0.31 ms, found 0 plugins.
Preloading 0 native plugins for Editor in 0.00 ms.
Mono: successfully reloaded assembly
- Completed reload, in  1.003 seconds
Platform modules already initialized, skipping
Refreshing native plugins compatible for Editor in 0.35 ms, found 0 plugins.
Preloading 0 native plugins for Editor in 0.00 ms.
Unloading 1846 Unused Serialized files (Serialized files now loaded: 0)
System memory in use before: 89.6 MB.
System memory in use after: 89.7 MB.

Unloading 6 unused Assets to reduce memory usage. Loaded Objects now: 2345.
Total: 2.389100 ms (FindLiveObjects: 0.378300 ms CreateObjectMapping: 0.160500 ms MarkObjects: 1.782700 ms  DeleteObjects: 0.066700 ms)

========================================================================
Received Prepare
Registering precompiled user dll's ...
Registered in 0.001000 seconds.
Begin MonoManager ReloadAssembly
Native extension for WindowsStandalone target not found
Native extension for WebGL target not found
Refreshing native plugins compatible for Editor in 0.37 ms, found 0 plugins.
Preloading 0 native plugins for Editor in 0.00 ms.
Mono: successfully reloaded assembly
- Completed reload, in  1.079 seconds
Platform modules already initialized, skipping
Refreshing native plugins compatible for Editor in 0.32 ms, found 0 plugins.
Preloading 0 native plugins for Editor in 0.00 ms.
Unloading 1846 Unused Serialized files (Serialized files now loaded: 0)
System memory in use before: 89.6 MB.
System memory in use after: 89.7 MB.

Unloading 6 unused Assets to reduce memory usage. Loaded Objects now: 2348.
Total: 2.588300 ms (FindLiveObjects: 0.246000 ms CreateObjectMapping: 0.098500 ms MarkObjects: 2.171500 ms  DeleteObjects: 0.071000 ms)

========================================================================
Received Prepare
Registering precompiled user dll's ...
Registered in 0.001101 seconds.
Begin MonoManager ReloadAssembly
Native extension for WindowsStandalone target not found
Native extension for WebGL target not found
Refreshing native plugins compatible for Editor in 0.31 ms, found 0 plugins.
Preloading 0 native plugins for Editor in 0.00 ms.
Mono: successfully reloaded assembly
- Completed reload, in  1.062 seconds
Platform modules already initialized, skipping
Refreshing native plugins compatible for Editor in 0.40 ms, found 0 plugins.
Preloading 0 native plugins for Editor in 0.00 ms.
Unloading 1846 Unused Serialized files (Serialized files now loaded: 0)
System memory in use before: 89.6 MB.
System memory in use after: 89.7 MB.

Unloading 6 unused Assets to reduce memory usage. Loaded Objects now: 2351.
Total: 3.584800 ms (FindLiveObjects: 0.232900 ms CreateObjectMapping: 0.100300 ms MarkObjects: 3.170000 ms  DeleteObjects: 0.079300 ms)

========================================================================
Received Prepare
Registering precompiled user dll's ...
Registered in 0.001394 seconds.
Begin MonoManager ReloadAssembly
Native extension for WindowsStandalone target not found
Native extension for WebGL target not found
Refreshing native plugins compatible for Editor in 0.31 ms, found 0 plugins.
Preloading 0 native plugins for Editor in 0.00 ms.
Mono: successfully reloaded assembly
- Completed reload, in  1.069 seconds
Platform modules already initialized, skipping
Refreshing native plugins compatible for Editor in 0.34 ms, found 0 plugins.
Preloading 0 native plugins for Editor in 0.00 ms.
Unloading 1846 Unused Serialized files (Serialized files now loaded: 0)
System memory in use before: 89.6 MB.
System memory in use after: 89.7 MB.

Unloading 6 unused Assets to reduce memory usage. Loaded Objects now: 2354.
Total: 2.504900 ms (FindLiveObjects: 0.227700 ms CreateObjectMapping: 0.090200 ms MarkObjects: 2.114600 ms  DeleteObjects: 0.071000 ms)

========================================================================
Received Prepare
Registering precompiled user dll's ...
Registered in 0.001286 seconds.
Begin MonoManager ReloadAssembly
Native extension for WindowsStandalone target not found
Native extension for WebGL target not found
Refreshing native plugins compatible for Editor in 0.31 ms, found 0 plugins.
Preloading 0 native plugins for Editor in 0.00 ms.
Mono: successfully reloaded assembly
- Completed reload, in  1.064 seconds
Platform modules already initialized, skipping
Refreshing native plugins compatible for Editor in 0.40 ms, found 0 plugins.
Preloading 0 native plugins for Editor in 0.00 ms.
Unloading 1846 Unused Serialized files (Serialized files now loaded: 0)
System memory in use before: 89.6 MB.
System memory in use after: 89.7 MB.

Unloading 6 unused Assets to reduce memory usage. Loaded Objects now: 2357.
Total: 3.226500 ms (FindLiveObjects: 0.506000 ms CreateObjectMapping: 0.174200 ms MarkObjects: 2.463500 ms  DeleteObjects: 0.081200 ms)

========================================================================
Received Prepare
Registering precompiled user dll's ...
Registered in 0.000984 seconds.
Begin MonoManager ReloadAssembly
Native extension for WindowsStandalone target not found
Native extension for WebGL target not found
Refreshing native plugins compatible for Editor in 0.32 ms, found 0 plugins.
Preloading 0 native plugins for Editor in 0.00 ms.
Mono: successfully reloaded assembly
- Completed reload, in  0.983 seconds
Platform modules already initialized, skipping
Refreshing native plugins compatible for Editor in 0.41 ms, found 0 plugins.
Preloading 0 native plugins for Editor in 0.00 ms.
Unloading 1846 Unused Serialized files (Serialized files now loaded: 0)
System memory in use before: 89.7 MB.
System memory in use after: 89.7 MB.

Unloading 6 unused Assets to reduce memory usage. Loaded Objects now: 2360.
Total: 2.517100 ms (FindLiveObjects: 0.218200 ms CreateObjectMapping: 0.094000 ms MarkObjects: 2.135900 ms  DeleteObjects: 0.067700 ms)

========================================================================
Received Prepare
Registering precompiled user dll's ...
Registered in 0.001591 seconds.
Begin MonoManager ReloadAssembly
Native extension for WindowsStandalone target not found
Native extension for WebGL target not found
Refreshing native plugins compatible for Editor in 0.33 ms, found 0 plugins.
Preloading 0 native plugins for Editor in 0.00 ms.
Mono: successfully reloaded assembly
- Completed reload, in  1.092 seconds
Platform modules already initialized, skipping
Refreshing native plugins compatible for Editor in 0.50 ms, found 0 plugins.
Preloading 0 native plugins for Editor in 0.00 ms.
Unloading 1846 Unused Serialized files (Serialized files now loaded: 0)
System memory in use before: 89.7 MB.
System memory in use after: 89.7 MB.

Unloading 6 unused Assets to reduce memory usage. Loaded Objects now: 2363.
Total: 3.888800 ms (FindLiveObjects: 0.544000 ms CreateObjectMapping: 0.191100 ms MarkObjects: 3.067300 ms  DeleteObjects: 0.084700 ms)

========================================================================
Received Prepare
Registering precompiled user dll's ...
Registered in 0.001025 seconds.
Begin MonoManager ReloadAssembly
Native extension for WindowsStandalone target not found
Native extension for WebGL target not found
Refreshing native plugins compatible for Editor in 0.31 ms, found 0 plugins.
Preloading 0 native plugins for Editor in 0.00 ms.
Mono: successfully reloaded assembly
- Completed reload, in  1.028 seconds
Platform modules already initialized, skipping
Refreshing native plugins compatible for Editor in 0.34 ms, found 0 plugins.
Preloading 0 native plugins for Editor in 0.00 ms.
Unloading 1846 Unused Serialized files (Serialized files now loaded: 0)
System memory in use before: 89.7 MB.
System memory in use after: 89.7 MB.

Unloading 6 unused Assets to reduce memory usage. Loaded Objects now: 2366.
Total: 2.572700 ms (FindLiveObjects: 0.235200 ms CreateObjectMapping: 0.095700 ms MarkObjects: 2.169200 ms  DeleteObjects: 0.070900 ms)

========================================================================
Received Prepare
Registering precompiled user dll's ...
Registered in 0.001087 seconds.
Begin MonoManager ReloadAssembly
Native extension for WindowsStandalone target not found
Native extension for WebGL target not found
Refreshing native plugins compatible for Editor in 0.31 ms, found 0 plugins.
Preloading 0 native plugins for Editor in 0.00 ms.
Mono: successfully reloaded assembly
- Completed reload, in  0.940 seconds
Platform modules already initialized, skipping
Refreshing native plugins compatible for Editor in 0.31 ms, found 0 plugins.
Preloading 0 native plugins for Editor in 0.00 ms.
Unloading 1846 Unused Serialized files (Serialized files now loaded: 0)
System memory in use before: 89.7 MB.
System memory in use after: 89.7 MB.

Unloading 6 unused Assets to reduce memory usage. Loaded Objects now: 2369.
Total: 2.216400 ms (FindLiveObjects: 0.290600 ms CreateObjectMapping: 0.102800 ms MarkObjects: 1.753700 ms  DeleteObjects: 0.068100 ms)

========================================================================
Received Prepare
Registering precompiled user dll's ...
Registered in 0.001358 seconds.
Begin MonoManager ReloadAssembly
Native extension for WindowsStandalone target not found
Native extension for WebGL target not found
Refreshing native plugins compatible for Editor in 0.31 ms, found 0 plugins.
Preloading 0 native plugins for Editor in 0.00 ms.
Mono: successfully reloaded assembly
- Completed reload, in  1.033 seconds
Platform modules already initialized, skipping
Refreshing native plugins compatible for Editor in 0.30 ms, found 0 plugins.
Preloading 0 native plugins for Editor in 0.00 ms.
Unloading 1846 Unused Serialized files (Serialized files now loaded: 0)
System memory in use before: 89.7 MB.
System memory in use after: 89.7 MB.

Unloading 6 unused Assets to reduce memory usage. Loaded Objects now: 2372.
Total: 2.637800 ms (FindLiveObjects: 0.214400 ms CreateObjectMapping: 0.083000 ms MarkObjects: 2.251100 ms  DeleteObjects: 0.087400 ms)

========================================================================
Received Prepare
Registering precompiled user dll's ...
Registered in 0.001087 seconds.
Begin MonoManager ReloadAssembly
Native extension for WindowsStandalone target not found
Native extension for WebGL target not found
Refreshing native plugins compatible for Editor in 0.32 ms, found 0 plugins.
Preloading 0 native plugins for Editor in 0.00 ms.
Mono: successfully reloaded assembly
- Completed reload, in  1.082 seconds
Platform modules already initialized, skipping
Refreshing native plugins compatible for Editor in 0.32 ms, found 0 plugins.
Preloading 0 native plugins for Editor in 0.00 ms.
Unloading 1846 Unused Serialized files (Serialized files now loaded: 0)
System memory in use before: 89.7 MB.
System memory in use after: 89.8 MB.

Unloading 6 unused Assets to reduce memory usage. Loaded Objects now: 2375.
Total: 2.821800 ms (FindLiveObjects: 0.246200 ms CreateObjectMapping: 0.091000 ms MarkObjects: 2.417100 ms  DeleteObjects: 0.065400 ms)

========================================================================
Received Import Request.
  Time since last request: 2555.620917 seconds.
  path: Assets/Resources/Prefabs/Big John.prefab
  artifactKey: Guid(f216dfb808cb5174db0ab17a218fefe8) Importer(815301076,1909f56bfc062723c751e8b465ee728b)
Start importing Assets/Resources/Prefabs/Big John.prefab using Guid(f216dfb808cb5174db0ab17a218fefe8) Importer(815301076,1909f56bfc062723c751e8b465ee728b)  -> (artifact id: '8b131cb3a61e04dacb6a617216fbc5d6') in 1.319826 seconds
  Import took 1.378856 seconds .

========================================================================
Received Prepare
Registering precompiled user dll's ...
Registered in 0.000994 seconds.
Begin MonoManager ReloadAssembly
Native extension for WindowsStandalone target not found
Native extension for WebGL target not found
Refreshing native plugins compatible for Editor in 0.33 ms, found 0 plugins.
Preloading 0 native plugins for Editor in 0.00 ms.
Mono: successfully reloaded assembly
- Completed reload, in  1.781 seconds
Platform modules already initialized, skipping
Refreshing native plugins compatible for Editor in 0.69 ms, found 0 plugins.
Preloading 0 native plugins for Editor in 0.00 ms.
Unloading 1846 Unused Serialized files (Serialized files now loaded: 0)
System memory in use before: 92.8 MB.
System memory in use after: 92.9 MB.

Unloading 6 unused Assets to reduce memory usage. Loaded Objects now: 2386.
Total: 3.859200 ms (FindLiveObjects: 0.370600 ms CreateObjectMapping: 0.181800 ms MarkObjects: 3.229600 ms  DeleteObjects: 0.075500 ms)

========================================================================
Received Prepare
Registering precompiled user dll's ...
Registered in 0.001272 seconds.
Begin MonoManager ReloadAssembly
Native extension for WindowsStandalone target not found
Native extension for WebGL target not found
Refreshing native plugins compatible for Editor in 0.32 ms, found 0 plugins.
Preloading 0 native plugins for Editor in 0.00 ms.
Mono: successfully reloaded assembly
- Completed reload, in  1.023 seconds
Platform modules already initialized, skipping
Refreshing native plugins compatible for Editor in 0.32 ms, found 0 plugins.
Preloading 0 native plugins for Editor in 0.00 ms.
Unloading 1846 Unused Serialized files (Serialized files now loaded: 0)
System memory in use before: 92.8 MB.
System memory in use after: 92.9 MB.

Unloading 6 unused Assets to reduce memory usage. Loaded Objects now: 2389.
Total: 2.448200 ms (FindLiveObjects: 0.346500 ms CreateObjectMapping: 0.172200 ms MarkObjects: 1.828600 ms  DeleteObjects: 0.099100 ms)

========================================================================
Received Import Request.
  Time since last request: 150.263360 seconds.
  path: Assets/Resources/Prefabs/Arrow.prefab
  artifactKey: Guid(c68908d7bf57d6c4db5fc615bbcedf67) Importer(815301076,1909f56bfc062723c751e8b465ee728b)
Start importing Assets/Resources/Prefabs/Arrow.prefab using Guid(c68908d7bf57d6c4db5fc615bbcedf67) Importer(815301076,1909f56bfc062723c751e8b465ee728b)  -> (artifact id: 'a1f66589ec9c2c00ddb96eb36ca26893') in 0.266451 seconds
  Import took 0.295258 seconds .

========================================================================
Received Import Request.
  Time since last request: 41.529540 seconds.
  path: Assets/Models/musaarrow.fbx
  artifactKey: Guid(8ce8bc889e63b424ba9d292311375f72) Importer(815301076,1909f56bfc062723c751e8b465ee728b)
Start importing Assets/Models/musaarrow.fbx using Guid(8ce8bc889e63b424ba9d292311375f72) Importer(815301076,1909f56bfc062723c751e8b465ee728b)  -> (artifact id: 'ac90ab1f9a487efe07609853e3af4261') in 0.565389 seconds
  Import took 0.586177 seconds .

========================================================================
Received Import Request.
  Time since last request: 0.000265 seconds.
  path: Assets/Models/Tower_Rangers 1.fbx
  artifactKey: Guid(9dd9f81162b9394449a7a84d5ffddcc4) Importer(815301076,1909f56bfc062723c751e8b465ee728b)
Start importing Assets/Models/Tower_Rangers 1.fbx using Guid(9dd9f81162b9394449a7a84d5ffddcc4) Importer(815301076,1909f56bfc062723c751e8b465ee728b)  -> (artifact id: 'c75c6e85d6a5ffe90732c2a4abc979ee') in 0.521247 seconds
  Import took 0.545704 seconds .

========================================================================
Received Import Request.
  Time since last request: 0.000220 seconds.
  path: Assets/Models/ggbow.fbx
  artifactKey: Guid(386a7bff6f99e434dabb7b9f870bd36a) Importer(815301076,1909f56bfc062723c751e8b465ee728b)
Start importing Assets/Models/ggbow.fbx using Guid(386a7bff6f99e434dabb7b9f870bd36a) Importer(815301076,1909f56bfc062723c751e8b465ee728b)  -> (artifact id: '57e0f661fd73455b4831a40caf7809a0') in 0.168607 seconds
  Import took 0.196335 seconds .

========================================================================
Received Import Request.
  Time since last request: 0.000330 seconds.
  path: Assets/Models/musa.fbx
  artifactKey: Guid(8fb3d1422e63b5c4593e27025f4bc640) Importer(815301076,1909f56bfc062723c751e8b465ee728b)
Start importing Assets/Models/musa.fbx using Guid(8fb3d1422e63b5c4593e27025f4bc640) Importer(815301076,1909f56bfc062723c751e8b465ee728b)  -> (artifact id: '4d601a84418a5fc9292e3dd01d05f440') in 0.058215 seconds
  Import took 0.073531 seconds .

========================================================================
Received Import Request.
  Time since last request: 0.000395 seconds.
  path: Assets/Materials/ArrowTip.mat
  artifactKey: Guid(2da7cbd3b5d3f7a4593745c2f86d751f) Importer(815301076,1909f56bfc062723c751e8b465ee728b)
Start importing Assets/Materials/ArrowTip.mat using Guid(2da7cbd3b5d3f7a4593745c2f86d751f) Importer(815301076,1909f56bfc062723c751e8b465ee728b)  -> (artifact id: '021e19d69b7dfd0715ca2a00550ae8ae') in 0.639343 seconds
  Import took 0.642440 seconds .

========================================================================
Received Import Request.
  Time since last request: 0.000394 seconds.
  path: Assets/Models/Tower_Rangers.fbx
  artifactKey: Guid(9d344c28b9f70584fa9573f4af416321) Importer(815301076,1909f56bfc062723c751e8b465ee728b)
Start importing Assets/Models/Tower_Rangers.fbx using Guid(9d344c28b9f70584fa9573f4af416321) Importer(815301076,1909f56bfc062723c751e8b465ee728b)  -> (artifact id: '00f7c6f04c1afc8c0ec176fca664f82d') in 0.483028 seconds
  Import took 0.495831 seconds .

========================================================================
Received Import Request.
  Time since last request: 0.000216 seconds.
  path: Assets/Materials/ArrowBody.mat
  artifactKey: Guid(4d84c5ae317e11149830d2dbbe8581aa) Importer(815301076,1909f56bfc062723c751e8b465ee728b)
Start importing Assets/Materials/ArrowBody.mat using Guid(4d84c5ae317e11149830d2dbbe8581aa) Importer(815301076,1909f56bfc062723c751e8b465ee728b)  -> (artifact id: 'f8bbddd95cf457de87488624aec55e30') in 0.019067 seconds
  Import took 0.037291 seconds .

========================================================================
Received Prepare
Registering precompiled user dll's ...
Registered in 0.001016 seconds.
Begin MonoManager ReloadAssembly
Native extension for WindowsStandalone target not found
Native extension for WebGL target not found
Refreshing native plugins compatible for Editor in 0.30 ms, found 0 plugins.
Preloading 0 native plugins for Editor in 0.00 ms.
Mono: successfully reloaded assembly
- Completed reload, in  1.049 seconds
Platform modules already initialized, skipping
Refreshing native plugins compatible for Editor in 0.33 ms, found 0 plugins.
Preloading 0 native plugins for Editor in 0.00 ms.
Unloading 1846 Unused Serialized files (Serialized files now loaded: 0)
System memory in use before: 93.3 MB.
System memory in use after: 93.4 MB.

Unloading 6 unused Assets to reduce memory usage. Loaded Objects now: 2430.
Total: 2.683400 ms (FindLiveObjects: 0.207000 ms CreateObjectMapping: 0.075000 ms MarkObjects: 2.333800 ms  DeleteObjects: 0.066600 ms)

========================================================================
Received Import Request.
  Time since last request: 88.826367 seconds.
  path: Assets/Resources/Prefabs/Arrow.prefab
  artifactKey: Guid(c68908d7bf57d6c4db5fc615bbcedf67) Importer(815301076,1909f56bfc062723c751e8b465ee728b)
Start importing Assets/Resources/Prefabs/Arrow.prefab using Guid(c68908d7bf57d6c4db5fc615bbcedf67) Importer(815301076,1909f56bfc062723c751e8b465ee728b)  -> (artifact id: 'ddb79b77c6d0979c7b9c77e207ead93c') in 0.071778 seconds
  Import took 0.096618 seconds .

========================================================================
Received Import Request.
  Time since last request: 0.046947 seconds.
  path: Assets/Resources/Prefabs/Arrow.prefab
  artifactKey: Guid(c68908d7bf57d6c4db5fc615bbcedf67) Importer(815301076,1909f56bfc062723c751e8b465ee728b)
Start importing Assets/Resources/Prefabs/Arrow.prefab using Guid(c68908d7bf57d6c4db5fc615bbcedf67) Importer(815301076,1909f56bfc062723c751e8b465ee728b)  -> (artifact id: 'ddb79b77c6d0979c7b9c77e207ead93c') in 0.021840 seconds
  Import took 0.026025 seconds .

========================================================================
Received Prepare
Registering precompiled user dll's ...
Registered in 0.001048 seconds.
Begin MonoManager ReloadAssembly
Native extension for WindowsStandalone target not found
Native extension for WebGL target not found
Refreshing native plugins compatible for Editor in 0.33 ms, found 0 plugins.
Preloading 0 native plugins for Editor in 0.00 ms.
Mono: successfully reloaded assembly
- Completed reload, in  0.985 seconds
Platform modules already initialized, skipping
Refreshing native plugins compatible for Editor in 0.32 ms, found 0 plugins.
Preloading 0 native plugins for Editor in 0.00 ms.
Unloading 1846 Unused Serialized files (Serialized files now loaded: 0)
System memory in use before: 93.3 MB.
System memory in use after: 93.4 MB.

Unloading 6 unused Assets to reduce memory usage. Loaded Objects now: 2434.
Total: 2.356500 ms (FindLiveObjects: 0.207700 ms CreateObjectMapping: 0.095400 ms MarkObjects: 1.980600 ms  DeleteObjects: 0.071800 ms)

========================================================================
Received Import Request.
  Time since last request: 130.919579 seconds.
  path: Assets/Scripts/LaunchArrow.cs
  artifactKey: Guid(cc2deab53091784479b17e193cf5a15f) Importer(815301076,1909f56bfc062723c751e8b465ee728b)
Start importing Assets/Scripts/LaunchArrow.cs using Guid(cc2deab53091784479b17e193cf5a15f) Importer(815301076,1909f56bfc062723c751e8b465ee728b)  -> (artifact id: 'a60bca1f580a0e0da918b61dfacc014e') in 0.027183 seconds
  Import took 0.048077 seconds .

========================================================================
Received Prepare
Registering precompiled user dll's ...
Registered in 0.001116 seconds.
Begin MonoManager ReloadAssembly
Native extension for WindowsStandalone target not found
Native extension for WebGL target not found
Refreshing native plugins compatible for Editor in 0.33 ms, found 0 plugins.
Preloading 0 native plugins for Editor in 0.00 ms.
Mono: successfully reloaded assembly
- Completed reload, in  1.070 seconds
Platform modules already initialized, skipping
Refreshing native plugins compatible for Editor in 0.50 ms, found 0 plugins.
Preloading 0 native plugins for Editor in 0.00 ms.
Unloading 1846 Unused Serialized files (Serialized files now loaded: 0)
System memory in use before: 93.3 MB.
System memory in use after: 93.4 MB.

Unloading 6 unused Assets to reduce memory usage. Loaded Objects now: 2437.
Total: 3.148200 ms (FindLiveObjects: 0.372400 ms CreateObjectMapping: 0.189500 ms MarkObjects: 2.499100 ms  DeleteObjects: 0.084400 ms)

========================================================================
Received Import Request.
  Time since last request: 128.525515 seconds.
  path: Assets/Scripts/LaunchArrow.cs
  artifactKey: Guid(cc2deab53091784479b17e193cf5a15f) Importer(815301076,1909f56bfc062723c751e8b465ee728b)
Start importing Assets/Scripts/LaunchArrow.cs using Guid(cc2deab53091784479b17e193cf5a15f) Importer(815301076,1909f56bfc062723c751e8b465ee728b)  -> (artifact id: '64245fe9e55372285c1a225428b7f14c') in 0.004704 seconds
  Import took 0.028706 seconds .

========================================================================
Received Import Request.
  Time since last request: 5.231846 seconds.
  path: Assets/Scripts/ChargeArrow.cs
  artifactKey: Guid(1943d83efd1be1d41a2c0372e51ae89e) Importer(815301076,1909f56bfc062723c751e8b465ee728b)
Start importing Assets/Scripts/ChargeArrow.cs using Guid(1943d83efd1be1d41a2c0372e51ae89e) Importer(815301076,1909f56bfc062723c751e8b465ee728b)  -> (artifact id: '0b63867acd89f2968dcf1a9baea2e02f') in 0.008886 seconds
  Import took 0.031936 seconds .

========================================================================
Received Prepare
Registering precompiled user dll's ...
Registered in 0.001020 seconds.
Begin MonoManager ReloadAssembly
Native extension for WindowsStandalone target not found
Native extension for WebGL target not found
Refreshing native plugins compatible for Editor in 0.31 ms, found 0 plugins.
Preloading 0 native plugins for Editor in 0.00 ms.
Mono: successfully reloaded assembly
- Completed reload, in  1.036 seconds
Platform modules already initialized, skipping
Refreshing native plugins compatible for Editor in 0.60 ms, found 0 plugins.
Preloading 0 native plugins for Editor in 0.00 ms.
Unloading 1846 Unused Serialized files (Serialized files now loaded: 0)
System memory in use before: 93.3 MB.
System memory in use after: 93.4 MB.

Unloading 6 unused Assets to reduce memory usage. Loaded Objects now: 2440.
Total: 2.425300 ms (FindLiveObjects: 0.220700 ms CreateObjectMapping: 0.093300 ms MarkObjects: 2.039200 ms  DeleteObjects: 0.070500 ms)

========================================================================
Received Import Request.
  Time since last request: 65.462658 seconds.
  path: Assets/Scripts/ChargeArrow.cs
  artifactKey: Guid(1943d83efd1be1d41a2c0372e51ae89e) Importer(815301076,1909f56bfc062723c751e8b465ee728b)
Start importing Assets/Scripts/ChargeArrow.cs using Guid(1943d83efd1be1d41a2c0372e51ae89e) Importer(815301076,1909f56bfc062723c751e8b465ee728b)  -> (artifact id: '9b5482ba925afa3e7f0584ba15f1fb00') in 0.004825 seconds
  Import took 0.081592 seconds .

========================================================================
Received Prepare
Registering precompiled user dll's ...
Registered in 0.001484 seconds.
Begin MonoManager ReloadAssembly
Native extension for WindowsStandalone target not found
Native extension for WebGL target not found
Refreshing native plugins compatible for Editor in 0.36 ms, found 0 plugins.
Preloading 0 native plugins for Editor in 0.00 ms.
Mono: successfully reloaded assembly
- Completed reload, in  1.126 seconds
Platform modules already initialized, skipping
Refreshing native plugins compatible for Editor in 0.57 ms, found 0 plugins.
Preloading 0 native plugins for Editor in 0.00 ms.
Unloading 1846 Unused Serialized files (Serialized files now loaded: 0)
System memory in use before: 93.3 MB.
System memory in use after: 93.4 MB.

Unloading 6 unused Assets to reduce memory usage. Loaded Objects now: 2443.
Total: 3.048900 ms (FindLiveObjects: 0.234400 ms CreateObjectMapping: 0.095500 ms MarkObjects: 2.628700 ms  DeleteObjects: 0.088200 ms)

========================================================================
Received Import Request.
  Time since last request: 50.494769 seconds.
  path: Assets/Scripts/ChargeArrow.cs
  artifactKey: Guid(1943d83efd1be1d41a2c0372e51ae89e) Importer(815301076,1909f56bfc062723c751e8b465ee728b)
Start importing Assets/Scripts/ChargeArrow.cs using Guid(1943d83efd1be1d41a2c0372e51ae89e) Importer(815301076,1909f56bfc062723c751e8b465ee728b)  -> (artifact id: '4103da8decc25bdaf9ff8d57b6073493') in 0.012122 seconds
  Import took 0.040321 seconds .

========================================================================
Received Import Request.
  Time since last request: 1.828218 seconds.
  path: Assets/Scripts/ChargeArrow.cs
  artifactKey: Guid(1943d83efd1be1d41a2c0372e51ae89e) Importer(815301076,1909f56bfc062723c751e8b465ee728b)
Start importing Assets/Scripts/ChargeArrow.cs using Guid(1943d83efd1be1d41a2c0372e51ae89e) Importer(815301076,1909f56bfc062723c751e8b465ee728b)  -> (artifact id: '4103da8decc25bdaf9ff8d57b6073493') in 0.003388 seconds
  Import took 0.007133 seconds .

========================================================================
Received Prepare
Registering precompiled user dll's ...
Registered in 0.001490 seconds.
Begin MonoManager ReloadAssembly
Native extension for WindowsStandalone target not found
Native extension for WebGL target not found
Refreshing native plugins compatible for Editor in 0.31 ms, found 0 plugins.
Preloading 0 native plugins for Editor in 0.00 ms.
Mono: successfully reloaded assembly
- Completed reload, in  1.158 seconds
Platform modules already initialized, skipping
Refreshing native plugins compatible for Editor in 0.32 ms, found 0 plugins.
Preloading 0 native plugins for Editor in 0.00 ms.
Unloading 1846 Unused Serialized files (Serialized files now loaded: 0)
System memory in use before: 93.4 MB.
System memory in use after: 93.4 MB.

Unloading 6 unused Assets to reduce memory usage. Loaded Objects now: 2446.
Total: 3.223400 ms (FindLiveObjects: 0.484400 ms CreateObjectMapping: 0.222000 ms MarkObjects: 2.418400 ms  DeleteObjects: 0.096800 ms)

========================================================================
Received Prepare
Registering precompiled user dll's ...
Registered in 0.001820 seconds.
Begin MonoManager ReloadAssembly
Native extension for WindowsStandalone target not found
Native extension for WebGL target not found
Refreshing native plugins compatible for Editor in 0.41 ms, found 0 plugins.
Preloading 0 native plugins for Editor in 0.00 ms.
Mono: successfully reloaded assembly
- Completed reload, in  1.069 seconds
Platform modules already initialized, skipping
Refreshing native plugins compatible for Editor in 0.32 ms, found 0 plugins.
Preloading 0 native plugins for Editor in 0.00 ms.
Unloading 1846 Unused Serialized files (Serialized files now loaded: 0)
System memory in use before: 93.4 MB.
System memory in use after: 93.4 MB.

Unloading 6 unused Assets to reduce memory usage. Loaded Objects now: 2449.
Total: 2.423200 ms (FindLiveObjects: 0.224600 ms CreateObjectMapping: 0.092000 ms MarkObjects: 2.035900 ms  DeleteObjects: 0.068800 ms)

========================================================================
Received Prepare
Registering precompiled user dll's ...
Registered in 0.001327 seconds.
Begin MonoManager ReloadAssembly
Native extension for WindowsStandalone target not found
Native extension for WebGL target not found
Refreshing native plugins compatible for Editor in 0.53 ms, found 0 plugins.
Preloading 0 native plugins for Editor in 0.00 ms.
Mono: successfully reloaded assembly
- Completed reload, in  1.140 seconds
Platform modules already initialized, skipping
Refreshing native plugins compatible for Editor in 0.41 ms, found 0 plugins.
Preloading 0 native plugins for Editor in 0.00 ms.
Unloading 1846 Unused Serialized files (Serialized files now loaded: 0)
System memory in use before: 93.4 MB.
System memory in use after: 93.4 MB.

Unloading 6 unused Assets to reduce memory usage. Loaded Objects now: 2452.
Total: 3.406900 ms (FindLiveObjects: 0.386700 ms CreateObjectMapping: 0.174200 ms MarkObjects: 2.761400 ms  DeleteObjects: 0.082800 ms)

========================================================================
Received Prepare
Registering precompiled user dll's ...
Registered in 0.001057 seconds.
Begin MonoManager ReloadAssembly
Native extension for WindowsStandalone target not found
Native extension for WebGL target not found
Refreshing native plugins compatible for Editor in 0.31 ms, found 0 plugins.
Preloading 0 native plugins for Editor in 0.00 ms.
Mono: successfully reloaded assembly
- Completed reload, in  1.048 seconds
Platform modules already initialized, skipping
Refreshing native plugins compatible for Editor in 0.31 ms, found 0 plugins.
Preloading 0 native plugins for Editor in 0.00 ms.
Unloading 1846 Unused Serialized files (Serialized files now loaded: 0)
System memory in use before: 93.4 MB.
System memory in use after: 93.4 MB.

Unloading 6 unused Assets to reduce memory usage. Loaded Objects now: 2455.
Total: 2.161700 ms (FindLiveObjects: 0.223900 ms CreateObjectMapping: 0.088500 ms MarkObjects: 1.775100 ms  DeleteObjects: 0.072700 ms)

========================================================================
Received Prepare
Registering precompiled user dll's ...
Registered in 0.001549 seconds.
Begin MonoManager ReloadAssembly
Native extension for WindowsStandalone target not found
Native extension for WebGL target not found
Refreshing native plugins compatible for Editor in 0.32 ms, found 0 plugins.
Preloading 0 native plugins for Editor in 0.00 ms.
Mono: successfully reloaded assembly
- Completed reload, in  1.032 seconds
Platform modules already initialized, skipping
Refreshing native plugins compatible for Editor in 0.33 ms, found 0 plugins.
Preloading 0 native plugins for Editor in 0.00 ms.
Unloading 1846 Unused Serialized files (Serialized files now loaded: 0)
System memory in use before: 93.4 MB.
System memory in use after: 93.5 MB.

Unloading 6 unused Assets to reduce memory usage. Loaded Objects now: 2458.
Total: 2.750600 ms (FindLiveObjects: 0.252200 ms CreateObjectMapping: 0.088100 ms MarkObjects: 2.339800 ms  DeleteObjects: 0.068900 ms)

========================================================================
Received Prepare
Registering precompiled user dll's ...
Registered in 0.001252 seconds.
Begin MonoManager ReloadAssembly
Native extension for WindowsStandalone target not found
Native extension for WebGL target not found
Refreshing native plugins compatible for Editor in 0.32 ms, found 0 plugins.
Preloading 0 native plugins for Editor in 0.00 ms.
Mono: successfully reloaded assembly
- Completed reload, in  1.172 seconds
Platform modules already initialized, skipping
Refreshing native plugins compatible for Editor in 0.34 ms, found 0 plugins.
Preloading 0 native plugins for Editor in 0.00 ms.
Unloading 1846 Unused Serialized files (Serialized files now loaded: 0)
System memory in use before: 93.4 MB.
System memory in use after: 93.5 MB.

Unloading 6 unused Assets to reduce memory usage. Loaded Objects now: 2461.
Total: 2.191600 ms (FindLiveObjects: 0.225700 ms CreateObjectMapping: 0.094200 ms MarkObjects: 1.797400 ms  DeleteObjects: 0.073200 ms)

========================================================================
Received Prepare
Registering precompiled user dll's ...
Registered in 0.001004 seconds.
Begin MonoManager ReloadAssembly
Native extension for WindowsStandalone target not found
Native extension for WebGL target not found
Refreshing native plugins compatible for Editor in 0.31 ms, found 0 plugins.
Preloading 0 native plugins for Editor in 0.00 ms.
Mono: successfully reloaded assembly
- Completed reload, in  1.043 seconds
Platform modules already initialized, skipping
Refreshing native plugins compatible for Editor in 0.49 ms, found 0 plugins.
Preloading 0 native plugins for Editor in 0.00 ms.
Unloading 1846 Unused Serialized files (Serialized files now loaded: 0)
System memory in use before: 93.4 MB.
System memory in use after: 93.5 MB.

Unloading 6 unused Assets to reduce memory usage. Loaded Objects now: 2464.
Total: 3.280000 ms (FindLiveObjects: 0.270100 ms CreateObjectMapping: 0.120500 ms MarkObjects: 2.819300 ms  DeleteObjects: 0.068300 ms)

========================================================================
Received Import Request.
  Time since last request: 421.455945 seconds.
  path: Assets/Resources/Prefabs/Arrow.prefab
  artifactKey: Guid(c68908d7bf57d6c4db5fc615bbcedf67) Importer(815301076,1909f56bfc062723c751e8b465ee728b)
Start importing Assets/Resources/Prefabs/Arrow.prefab using Guid(c68908d7bf57d6c4db5fc615bbcedf67) Importer(815301076,1909f56bfc062723c751e8b465ee728b)  -> (artifact id: 'c49fe89f23d49f67c1ce47babd02a624') in 0.146241 seconds
  Import took 0.162523 seconds .

========================================================================
Received Import Request.
  Time since last request: 0.017545 seconds.
  path: Assets/Resources/Prefabs/Arrow.prefab
  artifactKey: Guid(c68908d7bf57d6c4db5fc615bbcedf67) Importer(815301076,1909f56bfc062723c751e8b465ee728b)
Start importing Assets/Resources/Prefabs/Arrow.prefab using Guid(c68908d7bf57d6c4db5fc615bbcedf67) Importer(815301076,1909f56bfc062723c751e8b465ee728b)  -> (artifact id: 'c49fe89f23d49f67c1ce47babd02a624') in 0.012341 seconds
  Import took 0.016468 seconds .

========================================================================
Received Prepare
Registering precompiled user dll's ...
Registered in 0.001606 seconds.
Begin MonoManager ReloadAssembly
Native extension for WindowsStandalone target not found
Native extension for WebGL target not found
Refreshing native plugins compatible for Editor in 0.46 ms, found 0 plugins.
Preloading 0 native plugins for Editor in 0.00 ms.
Mono: successfully reloaded assembly
- Completed reload, in  0.975 seconds
Platform modules already initialized, skipping
Refreshing native plugins compatible for Editor in 0.32 ms, found 0 plugins.
Preloading 0 native plugins for Editor in 0.00 ms.
Unloading 1846 Unused Serialized files (Serialized files now loaded: 0)
System memory in use before: 93.4 MB.
System memory in use after: 93.5 MB.

Unloading 6 unused Assets to reduce memory usage. Loaded Objects now: 2468.
Total: 2.443000 ms (FindLiveObjects: 0.203400 ms CreateObjectMapping: 0.078400 ms MarkObjects: 2.069700 ms  DeleteObjects: 0.089800 ms)

========================================================================
Received Prepare
Registering precompiled user dll's ...
Registered in 0.001030 seconds.
Begin MonoManager ReloadAssembly
Native extension for WindowsStandalone target not found
Native extension for WebGL target not found
Refreshing native plugins compatible for Editor in 0.79 ms, found 0 plugins.
Preloading 0 native plugins for Editor in 0.00 ms.
Mono: successfully reloaded assembly
- Completed reload, in  1.090 seconds
Platform modules already initialized, skipping
Refreshing native plugins compatible for Editor in 0.31 ms, found 0 plugins.
Preloading 0 native plugins for Editor in 0.00 ms.
Unloading 1846 Unused Serialized files (Serialized files now loaded: 0)
System memory in use before: 93.4 MB.
System memory in use after: 93.5 MB.

Unloading 6 unused Assets to reduce memory usage. Loaded Objects now: 2471.
Total: 2.667700 ms (FindLiveObjects: 0.300600 ms CreateObjectMapping: 0.110600 ms MarkObjects: 2.180200 ms  DeleteObjects: 0.074900 ms)

